2023-01-18 16:57:54.410 INFO  [13112] file Appender.(level: DEBUG)
2023-01-18 16:57:54.411 INFO  [13112] Log file path: D:\GitHub\OnceAndForAll\StovePCSDK.log
2023-01-18 16:57:54.411 INFO  [13112] ---------------------------------------------
2023-01-18 16:57:54.411 INFO  [13112] StovePCSDK(ver:2.5.0)
2023-01-18 16:57:54.411 INFO  [13112] ---------------------------------------------
2023-01-18 16:57:54.411 DEBUG [13112]     osPlatform : 64bit
2023-01-18 16:57:54.412 DEBUG [13112]     osVersion : Windows 10(10.0), 10.0.19044, 64bit
2023-01-18 16:57:54.412 DEBUG [13112] commandline : C:\Program Files\Unity\Hub\Editor\2021.3.8f1\Editor\Unity.exe
2023-01-18 16:57:54.412 DEBUG [13112] commandline : -projectpath
2023-01-18 16:57:54.412 DEBUG [13112] commandline : D:\GitHub\OnceAndForAll
2023-01-18 16:57:54.412 DEBUG [13112] commandline : -useHub
2023-01-18 16:57:54.412 DEBUG [13112] commandline : -hubIPC
2023-01-18 16:57:54.412 DEBUG [13112] commandline : -cloudEnvironment
2023-01-18 16:57:54.412 DEBUG [13112] commandline : production
2023-01-18 16:57:54.412 DEBUG [13112] commandline : -licensingIpc
2023-01-18 16:57:54.412 DEBUG [13112] commandline : LicenseClient-Daltanyang
2023-01-18 16:57:54.412 DEBUG [13112] commandline : -hubSessionId
2023-01-18 16:57:54.412 DEBUG [13112] commandline : 3000f110-96f7-11ed-b1cd-d96bfd7e662e
2023-01-18 16:57:54.412 DEBUG [13112] commandline : -accessToken
2023-01-18 16:57:54.412 DEBUG [13112] commandline : UjAerfxzZaf-8bumrxVraa-tWobb9wtdbVO479OYtbk00df
2023-01-18 16:57:54.412 DEBUG [13112]     init tasks
2023-01-18 16:57:54.412 DEBUG [13112]     transactionId : 247aa60b-063a-4fcf-92a6-3c60a4769268
2023-01-18 16:57:54.412 DEBUG [13112]     HKEY_CURRENT_USER : FFFFFFFF80000001
2023-01-18 16:57:54.422 DEBUG [13112]     subkey : SOFTWARE\SGUP
2023-01-18 16:57:54.422 DEBUG [13112]     RegOpenKeyEx : 0
2023-01-18 16:57:54.422 DEBUG [13112]     RegQueryValueEx : 0, size : 82
2023-01-18 16:57:54.422 DEBUG [13112]     RegQueryValueEx : 0
2023-01-18 16:57:54.422 DEBUG [13112]     callerDetail : 4d3d3f49a7146a414d4db79e41b231fc2a6a4bd6
2023-01-18 16:57:54.499 INFO  [13112] protocol data from ipc
2023-01-18 16:57:54.499 INFO  [13112]     Init sgup success
2023-01-18 16:57:54.500 DEBUG [13112] --> Elapsed times(until main return): 90ms
2023-01-18 16:57:54.500 DEBUG [21480]     Get Server Config(url: https://api.onstove.com/ssg/default/clients/pcsdk/2.0.0/PCSDKConfig/)
2023-01-18 16:57:54.707 INFO  [27856]     Get constants has succeed.
2023-01-18 16:57:54.707 INFO  [21480]     Log SetEnable is true
2023-01-18 16:57:54.708 DEBUG [21480]     log data:
 {"action_info":{"action_param":{},"action_type":"pcsdk.init.try_async"},"client_time":"2023-01-18 16:57:54","custom_action_info":null,"device_os":"Windows 10(10.0), 10.0.19044, 64bit","environment":"live","game_id":"FULL_BURST_IND","guid":"","log_source_type":"pc_sdk","member_no":"","protocol_type":"ipc","sdk_version":"2.5.0"}
2023-01-18 16:57:54.708 DEBUG [21480]     RemoteLog url: http://logs.81plug.com/std_stove
2023-01-18 16:57:54.708 INFO  [21480] --> SGUPAPI_GetAuthToken
2023-01-18 16:57:54.708 INFO  [21480]      current process id: 32576
2023-01-18 16:57:54.708 DEBUG [21480]      game id : FULL_BURST_IND
2023-01-18 16:57:54.720 DEBUG [8244]     -StoveLog rest: response is 200
2023-01-18 16:57:54.720 DEBUG [8244]      -  Send remote log success.
2023-01-18 16:57:58.360 DEBUG [13112]     log data:
 {"action_info":{"action_param":{},"action_type":"pcsdk.uninit.try"},"client_time":"2023-01-18 16:57:58","custom_action_info":null,"device_os":"Windows 10(10.0), 10.0.19044, 64bit","environment":"live","game_id":"FULL_BURST_IND","guid":"","log_source_type":"pc_sdk","member_no":"","protocol_type":"ipc","sdk_version":"2.5.0"}
2023-01-18 16:57:58.361 DEBUG [13112]     RemoteLog url: http://logs.81plug.com/std_stove
2023-01-18 16:57:58.361 INFO  [13112] --> StovePC_UnInit
2023-01-18 16:57:58.362 DEBUG [13112]     log data:
 {"action_info":{"action_param":{},"action_type":"pcsdk.uninit.success"},"client_time":"2023-01-18 16:57:58","custom_action_info":null,"device_os":"Windows 10(10.0), 10.0.19044, 64bit","environment":"live","game_id":"FULL_BURST_IND","guid":"","log_source_type":"pc_sdk","member_no":"","protocol_type":"ipc","sdk_version":"2.5.0"}
2023-01-18 16:57:58.362 DEBUG [13112]     RemoteLog url: http://logs.81plug.com/std_stove
2023-01-18 16:57:58.684 DEBUG [27856]     -StoveLog rest: response is 200
2023-01-18 16:57:58.684 DEBUG [27856]      -  Send remote log success.
2023-01-18 16:57:58.684 DEBUG [3520]     -StoveLog rest: response is 200
2023-01-18 16:57:58.684 DEBUG [3520]      -  Send remote log success.
2023-01-18 16:58:12.834 INFO  [13112] file Appender.(level: DEBUG)
2023-01-18 16:58:12.834 INFO  [13112] Log file path: D:\GitHub\OnceAndForAll\StovePCSDK.log
2023-01-18 16:58:12.834 INFO  [13112] ---------------------------------------------
2023-01-18 16:58:12.834 INFO  [13112] StovePCSDK(ver:2.5.0)
2023-01-18 16:58:12.834 INFO  [13112] ---------------------------------------------
2023-01-18 16:58:12.834 DEBUG [13112]     osPlatform : 64bit
2023-01-18 16:58:12.834 DEBUG [13112]     osVersion : Windows 10(10.0), 10.0.19044, 64bit
2023-01-18 16:58:12.834 DEBUG [13112] commandline : C:\Program Files\Unity\Hub\Editor\2021.3.8f1\Editor\Unity.exe
2023-01-18 16:58:12.834 DEBUG [13112] commandline : -projectpath
2023-01-18 16:58:12.834 DEBUG [13112] commandline : D:\GitHub\OnceAndForAll
2023-01-18 16:58:12.834 DEBUG [13112] commandline : -useHub
2023-01-18 16:58:12.834 DEBUG [13112] commandline : -hubIPC
2023-01-18 16:58:12.834 DEBUG [13112] commandline : -cloudEnvironment
2023-01-18 16:58:12.834 DEBUG [13112] commandline : production
2023-01-18 16:58:12.834 DEBUG [13112] commandline : -licensingIpc
2023-01-18 16:58:12.834 DEBUG [13112] commandline : LicenseClient-Daltanyang
2023-01-18 16:58:12.834 DEBUG [13112] commandline : -hubSessionId
2023-01-18 16:58:12.834 DEBUG [13112] commandline : 3000f110-96f7-11ed-b1cd-d96bfd7e662e
2023-01-18 16:58:12.834 DEBUG [13112] commandline : -accessToken
2023-01-18 16:58:12.834 DEBUG [13112] commandline : UjAerfxzZaf-8bumrxVraa-tWobb9wtdbVO479OYtbk00df
2023-01-18 16:58:12.834 DEBUG [13112]     init tasks
2023-01-18 16:58:12.834 DEBUG [13112]     transactionId : e0b9b212-afe0-4699-bace-63e32ce07edf
2023-01-18 16:58:12.834 DEBUG [13112]     HKEY_CURRENT_USER : FFFFFFFF80000001
2023-01-18 16:58:12.834 DEBUG [13112]     subkey : SOFTWARE\SGUP
2023-01-18 16:58:12.834 DEBUG [13112]     RegOpenKeyEx : 0
2023-01-18 16:58:12.834 DEBUG [13112]     RegQueryValueEx : 0, size : 82
2023-01-18 16:58:12.834 DEBUG [13112]     RegQueryValueEx : 0
2023-01-18 16:58:12.834 DEBUG [13112]     callerDetail : 4d3d3f49a7146a414d4db79e41b231fc2a6a4bd6
2023-01-18 16:58:12.834 INFO  [13112] protocol data from ipc
2023-01-18 16:58:12.835 INFO  [13112]     Init sgup success
2023-01-18 16:58:12.835 DEBUG [13112] --> Elapsed times(until main return): 0ms
2023-01-18 16:58:12.835 DEBUG [8080]     Get Server Config(url: https://api.onstove.com/ssg/default/clients/pcsdk/2.0.0/PCSDKConfig/)
2023-01-18 16:58:12.881 INFO  [12136]     Get constants has succeed.
2023-01-18 16:58:12.882 INFO  [8080]     Log SetEnable is true
2023-01-18 16:58:12.882 DEBUG [8080]     log data:
 {"action_info":{"action_param":{},"action_type":"pcsdk.init.try_async"},"client_time":"2023-01-18 16:58:12","custom_action_info":null,"device_os":"Windows 10(10.0), 10.0.19044, 64bit","environment":"live","game_id":"FULL_BURST_IND","guid":"","log_source_type":"pc_sdk","member_no":"","protocol_type":"ipc","sdk_version":"2.5.0"}
2023-01-18 16:58:12.882 DEBUG [8080]     RemoteLog url: http://logs.81plug.com/std_stove
2023-01-18 16:58:12.882 INFO  [8080] --> SGUPAPI_GetAuthToken
2023-01-18 16:58:12.882 INFO  [8080]      current process id: 32576
2023-01-18 16:58:12.882 DEBUG [8080]      game id : FULL_BURST_IND
2023-01-18 16:58:13.207 DEBUG [3520]     -StoveLog rest: response is 200
2023-01-18 16:58:13.207 DEBUG [3520]      -  Send remote log success.
2023-01-18 16:58:14.487 DEBUG [13112]     log data:
 {"action_info":{"action_param":{},"action_type":"pcsdk.uninit.try"},"client_time":"2023-01-18 16:58:14","custom_action_info":null,"device_os":"Windows 10(10.0), 10.0.19044, 64bit","environment":"live","game_id":"FULL_BURST_IND","guid":"","log_source_type":"pc_sdk","member_no":"","protocol_type":"ipc","sdk_version":"2.5.0"}
2023-01-18 16:58:14.487 DEBUG [13112]     RemoteLog url: http://logs.81plug.com/std_stove
2023-01-18 16:58:14.487 INFO  [13112] --> StovePC_UnInit
2023-01-18 16:58:14.487 DEBUG [13112]     log data:
 {"action_info":{"action_param":{},"action_type":"pcsdk.uninit.success"},"client_time":"2023-01-18 16:58:14","custom_action_info":null,"device_os":"Windows 10(10.0), 10.0.19044, 64bit","environment":"live","game_id":"FULL_BURST_IND","guid":"","log_source_type":"pc_sdk","member_no":"","protocol_type":"ipc","sdk_version":"2.5.0"}
2023-01-18 16:58:14.487 DEBUG [13112]     RemoteLog url: http://logs.81plug.com/std_stove
2023-01-18 16:58:14.496 DEBUG [8244]     -StoveLog rest: response is 200
2023-01-18 16:58:14.496 DEBUG [8244]      -  Send remote log success.
2023-01-18 16:58:14.499 DEBUG [8244]     -StoveLog rest: response is 200
2023-01-18 16:58:14.499 DEBUG [8244]      -  Send remote log success.
2023-01-18 16:58:15.976 INFO  [13112] file Appender.(level: DEBUG)
2023-01-18 16:58:15.976 INFO  [13112] Log file path: D:\GitHub\OnceAndForAll\StovePCSDK.log
2023-01-18 16:58:15.976 INFO  [13112] ---------------------------------------------
2023-01-18 16:58:15.976 INFO  [13112] StovePCSDK(ver:2.5.0)
2023-01-18 16:58:15.976 INFO  [13112] ---------------------------------------------
2023-01-18 16:58:15.976 DEBUG [13112]     osPlatform : 64bit
2023-01-18 16:58:15.976 DEBUG [13112]     osVersion : Windows 10(10.0), 10.0.19044, 64bit
2023-01-18 16:58:15.976 DEBUG [13112] commandline : C:\Program Files\Unity\Hub\Editor\2021.3.8f1\Editor\Unity.exe
2023-01-18 16:58:15.976 DEBUG [13112] commandline : -projectpath
2023-01-18 16:58:15.976 DEBUG [13112] commandline : D:\GitHub\OnceAndForAll
2023-01-18 16:58:15.976 DEBUG [13112] commandline : -useHub
2023-01-18 16:58:15.976 DEBUG [13112] commandline : -hubIPC
2023-01-18 16:58:15.976 DEBUG [13112] commandline : -cloudEnvironment
2023-01-18 16:58:15.976 DEBUG [13112] commandline : production
2023-01-18 16:58:15.976 DEBUG [13112] commandline : -licensingIpc
2023-01-18 16:58:15.976 DEBUG [13112] commandline : LicenseClient-Daltanyang
2023-01-18 16:58:15.976 DEBUG [13112] commandline : -hubSessionId
2023-01-18 16:58:15.976 DEBUG [13112] commandline : 3000f110-96f7-11ed-b1cd-d96bfd7e662e
2023-01-18 16:58:15.976 DEBUG [13112] commandline : -accessToken
2023-01-18 16:58:15.976 DEBUG [13112] commandline : UjAerfxzZaf-8bumrxVraa-tWobb9wtdbVO479OYtbk00df
2023-01-18 16:58:15.976 DEBUG [13112]     init tasks
2023-01-18 16:58:15.976 DEBUG [13112]     transactionId : e2c4da8f-7b7a-4571-a37e-ec9115e6a9b2
2023-01-18 16:58:15.976 DEBUG [13112]     HKEY_CURRENT_USER : FFFFFFFF80000001
2023-01-18 16:58:15.976 DEBUG [13112]     subkey : SOFTWARE\SGUP
2023-01-18 16:58:15.976 DEBUG [13112]     RegOpenKeyEx : 0
2023-01-18 16:58:15.976 DEBUG [13112]     RegQueryValueEx : 0, size : 82
2023-01-18 16:58:15.976 DEBUG [13112]     RegQueryValueEx : 0
2023-01-18 16:58:15.976 DEBUG [13112]     callerDetail : 4d3d3f49a7146a414d4db79e41b231fc2a6a4bd6
2023-01-18 16:58:15.976 INFO  [13112] protocol data from ipc
2023-01-18 16:58:15.976 INFO  [13112]     Init sgup success
2023-01-18 16:58:15.976 DEBUG [14092]     Get Server Config(url: https://api.onstove.com/ssg/default/clients/pcsdk/2.0.0/PCSDKConfig/)
2023-01-18 16:58:15.976 DEBUG [13112] --> Elapsed times(until main return): 0ms
2023-01-18 16:58:16.023 INFO  [27856]     Get constants has succeed.
2023-01-18 16:58:16.023 INFO  [14092]     Log SetEnable is true
2023-01-18 16:58:16.024 DEBUG [14092]     log data:
 {"action_info":{"action_param":{},"action_type":"pcsdk.init.try_async"},"client_time":"2023-01-18 16:58:16","custom_action_info":null,"device_os":"Windows 10(10.0), 10.0.19044, 64bit","environment":"live","game_id":"FULL_BURST_IND","guid":"","log_source_type":"pc_sdk","member_no":"","protocol_type":"ipc","sdk_version":"2.5.0"}
2023-01-18 16:58:16.024 DEBUG [14092]     RemoteLog url: http://logs.81plug.com/std_stove
2023-01-18 16:58:16.024 INFO  [14092] --> SGUPAPI_GetAuthToken
2023-01-18 16:58:16.024 INFO  [14092]      current process id: 32576
2023-01-18 16:58:16.024 DEBUG [14092]      game id : FULL_BURST_IND
2023-01-18 16:58:16.349 DEBUG [27856]     -StoveLog rest: response is 200
2023-01-18 16:58:16.349 DEBUG [27856]      -  Send remote log success.
2023-01-18 16:58:16.870 DEBUG [13112]     log data:
 {"action_info":{"action_param":{},"action_type":"pcsdk.uninit.try"},"client_time":"2023-01-18 16:58:16","custom_action_info":null,"device_os":"Windows 10(10.0), 10.0.19044, 64bit","environment":"live","game_id":"FULL_BURST_IND","guid":"","log_source_type":"pc_sdk","member_no":"","protocol_type":"ipc","sdk_version":"2.5.0"}
2023-01-18 16:58:16.870 DEBUG [13112]     RemoteLog url: http://logs.81plug.com/std_stove
2023-01-18 16:58:16.870 INFO  [13112] --> StovePC_UnInit
2023-01-18 16:58:16.871 DEBUG [13112]     log data:
 {"action_info":{"action_param":{},"action_type":"pcsdk.uninit.success"},"client_time":"2023-01-18 16:58:16","custom_action_info":null,"device_os":"Windows 10(10.0), 10.0.19044, 64bit","environment":"live","game_id":"FULL_BURST_IND","guid":"","log_source_type":"pc_sdk","member_no":"","protocol_type":"ipc","sdk_version":"2.5.0"}
2023-01-18 16:58:16.871 DEBUG [13112]     RemoteLog url: http://logs.81plug.com/std_stove
2023-01-18 16:58:16.880 DEBUG [3520]     -StoveLog rest: response is 200
2023-01-18 16:58:16.880 DEBUG [3520]      -  Send remote log success.
2023-01-18 16:58:17.192 DEBUG [27856]     -StoveLog rest: response is 200
2023-01-18 16:58:17.192 DEBUG [27856]      -  Send remote log success.
2023-01-18 16:58:21.241 ERROR [13112]     StovePC_UnInit: sdk not initialize
2023-01-18 16:58:22.304 INFO  [13112] file Appender.(level: DEBUG)
2023-01-18 16:58:22.304 INFO  [13112] Log file path: D:\GitHub\OnceAndForAll\StovePCSDK.log
2023-01-18 16:58:22.304 INFO  [13112] ---------------------------------------------
2023-01-18 16:58:22.304 INFO  [13112] StovePCSDK(ver:2.5.0)
2023-01-18 16:58:22.304 INFO  [13112] ---------------------------------------------
2023-01-18 16:58:22.304 DEBUG [13112]     osPlatform : 64bit
2023-01-18 16:58:22.304 DEBUG [13112]     osVersion : Windows 10(10.0), 10.0.19044, 64bit
2023-01-18 16:58:22.304 DEBUG [13112] commandline : C:\Program Files\Unity\Hub\Editor\2021.3.8f1\Editor\Unity.exe
2023-01-18 16:58:22.304 DEBUG [13112] commandline : -projectpath
2023-01-18 16:58:22.304 DEBUG [13112] commandline : D:\GitHub\OnceAndForAll
2023-01-18 16:58:22.304 DEBUG [13112] commandline : -useHub
2023-01-18 16:58:22.304 DEBUG [13112] commandline : -hubIPC
2023-01-18 16:58:22.304 DEBUG [13112] commandline : -cloudEnvironment
2023-01-18 16:58:22.304 DEBUG [13112] commandline : production
2023-01-18 16:58:22.304 DEBUG [13112] commandline : -licensingIpc
2023-01-18 16:58:22.304 DEBUG [13112] commandline : LicenseClient-Daltanyang
2023-01-18 16:58:22.304 DEBUG [13112] commandline : -hubSessionId
2023-01-18 16:58:22.304 DEBUG [13112] commandline : 3000f110-96f7-11ed-b1cd-d96bfd7e662e
2023-01-18 16:58:22.304 DEBUG [13112] commandline : -accessToken
2023-01-18 16:58:22.304 DEBUG [13112] commandline : UjAerfxzZaf-8bumrxVraa-tWobb9wtdbVO479OYtbk00df
2023-01-18 16:58:22.304 DEBUG [13112]     init tasks
2023-01-18 16:58:22.304 DEBUG [13112]     transactionId : fdde234a-454e-43f7-b3d2-71ed399db7f5
2023-01-18 16:58:22.304 DEBUG [13112]     HKEY_CURRENT_USER : FFFFFFFF80000001
2023-01-18 16:58:22.304 DEBUG [13112]     subkey : SOFTWARE\SGUP
2023-01-18 16:58:22.304 DEBUG [13112]     RegOpenKeyEx : 0
2023-01-18 16:58:22.304 DEBUG [13112]     RegQueryValueEx : 0, size : 82
2023-01-18 16:58:22.304 DEBUG [13112]     RegQueryValueEx : 0
2023-01-18 16:58:22.304 DEBUG [13112]     callerDetail : 4d3d3f49a7146a414d4db79e41b231fc2a6a4bd6
2023-01-18 16:58:22.304 INFO  [13112] protocol data from ipc
2023-01-18 16:58:22.304 INFO  [13112]     Init sgup success
2023-01-18 16:58:22.305 DEBUG [27212]     Get Server Config(url: https://api.onstove.com/ssg/default/clients/pcsdk/2.0.0/PCSDKConfig/)
2023-01-18 16:58:22.305 DEBUG [13112] --> Elapsed times(until main return): 0ms
2023-01-18 16:58:22.350 INFO  [16536]     Get constants has succeed.
2023-01-18 16:58:22.350 INFO  [27212]     Log SetEnable is true
2023-01-18 16:58:22.350 DEBUG [27212]     log data:
 {"action_info":{"action_param":{},"action_type":"pcsdk.init.try_async"},"client_time":"2023-01-18 16:58:22","custom_action_info":null,"device_os":"Windows 10(10.0), 10.0.19044, 64bit","environment":"live","game_id":"FULL_BURST_IND","guid":"","log_source_type":"pc_sdk","member_no":"","protocol_type":"ipc","sdk_version":"2.5.0"}
2023-01-18 16:58:22.350 DEBUG [27212]     RemoteLog url: http://logs.81plug.com/std_stove
2023-01-18 16:58:22.350 INFO  [27212] --> SGUPAPI_GetAuthToken
2023-01-18 16:58:22.350 INFO  [27212]      current process id: 32576
2023-01-18 16:58:22.350 DEBUG [27212]      game id : FULL_BURST_IND
2023-01-18 16:58:22.359 DEBUG [16536]     -StoveLog rest: response is 200
2023-01-18 16:58:22.359 DEBUG [16536]      -  Send remote log success.
2023-01-18 16:58:23.331 DEBUG [13112]     log data:
 {"action_info":{"action_param":{},"action_type":"pcsdk.uninit.try"},"client_time":"2023-01-18 16:58:23","custom_action_info":null,"device_os":"Windows 10(10.0), 10.0.19044, 64bit","environment":"live","game_id":"FULL_BURST_IND","guid":"","log_source_type":"pc_sdk","member_no":"","protocol_type":"ipc","sdk_version":"2.5.0"}
2023-01-18 16:58:23.331 DEBUG [13112]     RemoteLog url: http://logs.81plug.com/std_stove
2023-01-18 16:58:23.331 INFO  [13112] --> StovePC_UnInit
2023-01-18 16:58:23.331 DEBUG [13112]     log data:
 {"action_info":{"action_param":{},"action_type":"pcsdk.uninit.success"},"client_time":"2023-01-18 16:58:23","custom_action_info":null,"device_os":"Windows 10(10.0), 10.0.19044, 64bit","environment":"live","game_id":"FULL_BURST_IND","guid":"","log_source_type":"pc_sdk","member_no":"","protocol_type":"ipc","sdk_version":"2.5.0"}
2023-01-18 16:58:23.331 DEBUG [13112]     RemoteLog url: http://logs.81plug.com/std_stove
2023-01-18 16:58:23.651 DEBUG [3520]     -StoveLog rest: response is 200
2023-01-18 16:58:23.651 DEBUG [3520]      -  Send remote log success.
2023-01-18 16:58:23.652 DEBUG [16536]     -StoveLog rest: response is 200
2023-01-18 16:58:23.652 DEBUG [16536]      -  Send remote log success.
2023-01-18 16:58:26.343 ERROR [13112]     StovePC_UnInit: sdk not initialize
2023-01-18 16:59:07.908 ERROR [13112]     StovePC_UnInit: sdk not initialize
2023-01-18 16:59:58.997 INFO  [13112] file Appender.(level: DEBUG)
2023-01-18 16:59:58.998 INFO  [13112] Log file path: D:\GitHub\OnceAndForAll\StovePCSDK.log
2023-01-18 16:59:58.998 INFO  [13112] ---------------------------------------------
2023-01-18 16:59:58.998 INFO  [13112] StovePCSDK(ver:2.5.0)
2023-01-18 16:59:58.998 INFO  [13112] ---------------------------------------------
2023-01-18 16:59:58.998 DEBUG [13112]     osPlatform : 64bit
2023-01-18 16:59:58.998 DEBUG [13112]     osVersion : Windows 10(10.0), 10.0.19044, 64bit
2023-01-18 16:59:58.998 DEBUG [13112] commandline : C:\Program Files\Unity\Hub\Editor\2021.3.8f1\Editor\Unity.exe
2023-01-18 16:59:58.998 DEBUG [13112] commandline : -projectpath
2023-01-18 16:59:58.998 DEBUG [13112] commandline : D:\GitHub\OnceAndForAll
2023-01-18 16:59:58.998 DEBUG [13112] commandline : -useHub
2023-01-18 16:59:58.998 DEBUG [13112] commandline : -hubIPC
2023-01-18 16:59:58.998 DEBUG [13112] commandline : -cloudEnvironment
2023-01-18 16:59:58.998 DEBUG [13112] commandline : production
2023-01-18 16:59:58.998 DEBUG [13112] commandline : -licensingIpc
2023-01-18 16:59:58.998 DEBUG [13112] commandline : LicenseClient-Daltanyang
2023-01-18 16:59:58.998 DEBUG [13112] commandline : -hubSessionId
2023-01-18 16:59:58.998 DEBUG [13112] commandline : 3000f110-96f7-11ed-b1cd-d96bfd7e662e
2023-01-18 16:59:58.998 DEBUG [13112] commandline : -accessToken
2023-01-18 16:59:58.998 DEBUG [13112] commandline : UjAerfxzZaf-8bumrxVraa-tWobb9wtdbVO479OYtbk00df
2023-01-18 16:59:58.998 DEBUG [13112]     init tasks
2023-01-18 16:59:58.998 DEBUG [13112]     transactionId : cf5d5892-9155-4286-accc-f4f5446488cf
2023-01-18 16:59:58.998 DEBUG [13112]     HKEY_CURRENT_USER : FFFFFFFF80000001
2023-01-18 16:59:58.998 DEBUG [13112]     subkey : SOFTWARE\SGUP
2023-01-18 16:59:58.998 DEBUG [13112]     RegOpenKeyEx : 0
2023-01-18 16:59:58.998 DEBUG [13112]     RegQueryValueEx : 0, size : 82
2023-01-18 16:59:58.998 DEBUG [13112]     RegQueryValueEx : 0
2023-01-18 16:59:58.998 DEBUG [13112]     callerDetail : 4d3d3f49a7146a414d4db79e41b231fc2a6a4bd6
2023-01-18 16:59:58.998 INFO  [13112] protocol data from ipc
2023-01-18 16:59:58.998 INFO  [13112]     Init sgup success
2023-01-18 16:59:58.998 DEBUG [13112] --> Elapsed times(until main return): 0ms
2023-01-18 16:59:58.998 DEBUG [13792]     Get Server Config(url: https://api.onstove.com/ssg/default/clients/pcsdk/2.0.0/PCSDKConfig/)
2023-01-18 16:59:59.157 INFO  [8244]     Get constants has succeed.
2023-01-18 16:59:59.157 INFO  [13792]     Log SetEnable is true
2023-01-18 16:59:59.157 DEBUG [13792]     log data:
 {"action_info":{"action_param":{},"action_type":"pcsdk.init.try_async"},"client_time":"2023-01-18 16:59:59","custom_action_info":null,"device_os":"Windows 10(10.0), 10.0.19044, 64bit","environment":"live","game_id":"FULL_BURST_IND","guid":"","log_source_type":"pc_sdk","member_no":"","protocol_type":"ipc","sdk_version":"2.5.0"}
2023-01-18 16:59:59.157 DEBUG [13792]     RemoteLog url: http://logs.81plug.com/std_stove
2023-01-18 16:59:59.157 INFO  [13792] --> SGUPAPI_GetAuthToken
2023-01-18 16:59:59.157 INFO  [13792]      current process id: 32576
2023-01-18 16:59:59.157 DEBUG [13792]      game id : FULL_BURST_IND
2023-01-18 16:59:59.168 DEBUG [16536]     -StoveLog rest: response is 200
2023-01-18 16:59:59.168 DEBUG [16536]      -  Send remote log success.
2023-01-18 17:00:15.498 DEBUG [13112]     log data:
 {"action_info":{"action_param":{},"action_type":"pcsdk.uninit.try"},"client_time":"2023-01-18 17:00:15","custom_action_info":null,"device_os":"Windows 10(10.0), 10.0.19044, 64bit","environment":"live","game_id":"FULL_BURST_IND","guid":"","log_source_type":"pc_sdk","member_no":"","protocol_type":"ipc","sdk_version":"2.5.0"}
2023-01-18 17:00:15.498 DEBUG [13112]     RemoteLog url: http://logs.81plug.com/std_stove
2023-01-18 17:00:15.498 INFO  [13112] --> StovePC_UnInit
2023-01-18 17:00:15.498 DEBUG [13112]     log data:
 {"action_info":{"action_param":{},"action_type":"pcsdk.uninit.success"},"client_time":"2023-01-18 17:00:15","custom_action_info":null,"device_os":"Windows 10(10.0), 10.0.19044, 64bit","environment":"live","game_id":"FULL_BURST_IND","guid":"","log_source_type":"pc_sdk","member_no":"","protocol_type":"ipc","sdk_version":"2.5.0"}
2023-01-18 17:00:15.498 DEBUG [13112]     RemoteLog url: http://logs.81plug.com/std_stove
2023-01-18 17:00:15.510 DEBUG [32460]     -StoveLog rest: response is 200
2023-01-18 17:00:15.510 DEBUG [32460]      -  Send remote log success.
2023-01-18 17:00:15.822 DEBUG [32460]     -StoveLog rest: response is 200
2023-01-18 17:00:15.822 DEBUG [32460]      -  Send remote log success.
2023-01-18 17:00:30.469 INFO  [13112] file Appender.(level: DEBUG)
2023-01-18 17:00:30.469 INFO  [13112] Log file path: D:\GitHub\OnceAndForAll\StovePCSDK.log
2023-01-18 17:00:30.469 INFO  [13112] ---------------------------------------------
2023-01-18 17:00:30.469 INFO  [13112] StovePCSDK(ver:2.5.0)
2023-01-18 17:00:30.469 INFO  [13112] ---------------------------------------------
2023-01-18 17:00:30.469 DEBUG [13112]     osPlatform : 64bit
2023-01-18 17:00:30.469 DEBUG [13112]     osVersion : Windows 10(10.0), 10.0.19044, 64bit
2023-01-18 17:00:30.469 DEBUG [13112] commandline : C:\Program Files\Unity\Hub\Editor\2021.3.8f1\Editor\Unity.exe
2023-01-18 17:00:30.469 DEBUG [13112] commandline : -projectpath
2023-01-18 17:00:30.469 DEBUG [13112] commandline : D:\GitHub\OnceAndForAll
2023-01-18 17:00:30.469 DEBUG [13112] commandline : -useHub
2023-01-18 17:00:30.469 DEBUG [13112] commandline : -hubIPC
2023-01-18 17:00:30.469 DEBUG [13112] commandline : -cloudEnvironment
2023-01-18 17:00:30.469 DEBUG [13112] commandline : production
2023-01-18 17:00:30.469 DEBUG [13112] commandline : -licensingIpc
2023-01-18 17:00:30.469 DEBUG [13112] commandline : LicenseClient-Daltanyang
2023-01-18 17:00:30.469 DEBUG [13112] commandline : -hubSessionId
2023-01-18 17:00:30.469 DEBUG [13112] commandline : 3000f110-96f7-11ed-b1cd-d96bfd7e662e
2023-01-18 17:00:30.469 DEBUG [13112] commandline : -accessToken
2023-01-18 17:00:30.469 DEBUG [13112] commandline : UjAerfxzZaf-8bumrxVraa-tWobb9wtdbVO479OYtbk00df
2023-01-18 17:00:30.469 DEBUG [13112]     init tasks
2023-01-18 17:00:30.469 DEBUG [13112]     transactionId : 4a00601b-0ee3-40b5-a22c-d574357a5ee1
2023-01-18 17:00:30.469 DEBUG [13112]     HKEY_CURRENT_USER : FFFFFFFF80000001
2023-01-18 17:00:30.469 DEBUG [13112]     subkey : SOFTWARE\SGUP
2023-01-18 17:00:30.469 DEBUG [13112]     RegOpenKeyEx : 0
2023-01-18 17:00:30.469 DEBUG [13112]     RegQueryValueEx : 0, size : 82
2023-01-18 17:00:30.469 DEBUG [13112]     RegQueryValueEx : 0
2023-01-18 17:00:30.469 DEBUG [13112]     callerDetail : 4d3d3f49a7146a414d4db79e41b231fc2a6a4bd6
2023-01-18 17:00:30.469 INFO  [13112] protocol data from ipc
2023-01-18 17:00:30.469 INFO  [13112]     Init sgup success
2023-01-18 17:00:30.469 DEBUG [13112] --> Elapsed times(until main return): 0ms
2023-01-18 17:00:30.469 DEBUG [1520]     Get Server Config(url: https://api.onstove.com/ssg/default/clients/pcsdk/2.0.0/PCSDKConfig/)
2023-01-18 17:00:30.516 INFO  [32460]     Get constants has succeed.
2023-01-18 17:00:30.516 INFO  [1520]     Log SetEnable is true
2023-01-18 17:00:30.516 DEBUG [1520]     log data:
 {"action_info":{"action_param":{},"action_type":"pcsdk.init.try_async"},"client_time":"2023-01-18 17:00:30","custom_action_info":null,"device_os":"Windows 10(10.0), 10.0.19044, 64bit","environment":"live","game_id":"FULL_BURST_IND","guid":"","log_source_type":"pc_sdk","member_no":"","protocol_type":"ipc","sdk_version":"2.5.0"}
2023-01-18 17:00:30.516 DEBUG [1520]     RemoteLog url: http://logs.81plug.com/std_stove
2023-01-18 17:00:30.516 INFO  [1520] --> SGUPAPI_GetAuthToken
2023-01-18 17:00:30.516 INFO  [1520]      current process id: 32576
2023-01-18 17:00:30.516 DEBUG [1520]      game id : FULL_BURST_IND
2023-01-18 17:00:30.830 DEBUG [3520]     -StoveLog rest: response is 200
2023-01-18 17:00:30.830 DEBUG [3520]      -  Send remote log success.
2023-01-18 17:00:40.896 DEBUG [13112]     log data:
 {"action_info":{"action_param":{},"action_type":"pcsdk.uninit.try"},"client_time":"2023-01-18 17:00:40","custom_action_info":null,"device_os":"Windows 10(10.0), 10.0.19044, 64bit","environment":"live","game_id":"FULL_BURST_IND","guid":"","log_source_type":"pc_sdk","member_no":"","protocol_type":"ipc","sdk_version":"2.5.0"}
2023-01-18 17:00:40.896 DEBUG [13112]     RemoteLog url: http://logs.81plug.com/std_stove
2023-01-18 17:00:40.896 INFO  [13112] --> StovePC_UnInit
2023-01-18 17:00:40.897 DEBUG [13112]     log data:
 {"action_info":{"action_param":{},"action_type":"pcsdk.uninit.success"},"client_time":"2023-01-18 17:00:40","custom_action_info":null,"device_os":"Windows 10(10.0), 10.0.19044, 64bit","environment":"live","game_id":"FULL_BURST_IND","guid":"","log_source_type":"pc_sdk","member_no":"","protocol_type":"ipc","sdk_version":"2.5.0"}
2023-01-18 17:00:40.897 DEBUG [13112]     RemoteLog url: http://logs.81plug.com/std_stove
2023-01-18 17:00:40.914 DEBUG [32460]     -StoveLog rest: response is 200
2023-01-18 17:00:40.914 DEBUG [32460]      -  Send remote log success.
2023-01-18 17:00:41.210 DEBUG [8244]     -StoveLog rest: response is 200
2023-01-18 17:00:41.210 DEBUG [8244]      -  Send remote log success.
2023-01-18 17:00:45.046 ERROR [13112]     StovePC_UnInit: sdk not initialize
